[2021-11-16 08:27:26,223] {manager.py:604} INFO - Processing files using up to 2 processes at a time 
[2021-11-16 08:27:26,228] {manager.py:605} INFO - Process each file at most once every 30 seconds
[2021-11-16 08:27:26,236] {manager.py:607} INFO - Checking for new files in /opt/airflow/dags every 300 seconds
[2021-11-16 08:27:26,238] {manager.py:754} INFO - Searching for files in /opt/airflow/dags
[2021-11-16 08:27:26,244] {manager.py:757} INFO - There are 0 files in /opt/airflow/dags
[2021-11-16 08:27:26,314] {manager.py:1128} INFO - Finding 'running' jobs without a recent heartbeat
[2021-11-16 08:27:26,321] {manager.py:1132} INFO - Failing jobs without heartbeat after 2021-11-16 08:22:26.321225+00:00
[2021-11-16 08:27:36,379] {manager.py:1128} INFO - Finding 'running' jobs without a recent heartbeat
[2021-11-16 08:27:36,382] {manager.py:1132} INFO - Failing jobs without heartbeat after 2021-11-16 08:22:36.382696+00:00
[2021-11-16 08:27:46,495] {manager.py:1128} INFO - Finding 'running' jobs without a recent heartbeat
[2021-11-16 08:27:46,503] {manager.py:1132} INFO - Failing jobs without heartbeat after 2021-11-16 08:22:46.503317+00:00
[2021-11-16 08:27:56,645] {manager.py:1128} INFO - Finding 'running' jobs without a recent heartbeat
[2021-11-16 08:27:56,683] {manager.py:1132} INFO - Failing jobs without heartbeat after 2021-11-16 08:22:56.683577+00:00
[2021-11-16 08:28:06,742] {manager.py:1128} INFO - Finding 'running' jobs without a recent heartbeat
[2021-11-16 08:28:06,752] {manager.py:1132} INFO - Failing jobs without heartbeat after 2021-11-16 08:23:06.752393+00:00
[2021-11-16 08:28:16,838] {manager.py:1128} INFO - Finding 'running' jobs without a recent heartbeat
[2021-11-16 08:28:16,842] {manager.py:1132} INFO - Failing jobs without heartbeat after 2021-11-16 08:23:16.842094+00:00
[2021-11-16 08:28:26,885] {manager.py:1128} INFO - Finding 'running' jobs without a recent heartbeat
[2021-11-16 08:28:26,889] {manager.py:1132} INFO - Failing jobs without heartbeat after 2021-11-16 08:23:26.889423+00:00
[2021-11-16 08:28:36,924] {manager.py:1128} INFO - Finding 'running' jobs without a recent heartbeat
[2021-11-16 08:28:36,930] {manager.py:1132} INFO - Failing jobs without heartbeat after 2021-11-16 08:23:36.930595+00:00
[2021-11-16 08:28:47,894] {manager.py:1128} INFO - Finding 'running' jobs without a recent heartbeat
[2021-11-16 08:28:47,932] {manager.py:1132} INFO - Failing jobs without heartbeat after 2021-11-16 08:23:47.932408+00:00
[2021-11-16 08:28:58,063] {manager.py:1128} INFO - Finding 'running' jobs without a recent heartbeat
[2021-11-16 08:28:58,066] {manager.py:1132} INFO - Failing jobs without heartbeat after 2021-11-16 08:23:58.066198+00:00
[2021-11-16 08:29:08,099] {manager.py:1128} INFO - Finding 'running' jobs without a recent heartbeat
[2021-11-16 08:29:08,104] {manager.py:1132} INFO - Failing jobs without heartbeat after 2021-11-16 08:24:08.104465+00:00
[2021-11-16 08:29:18,141] {manager.py:1128} INFO - Finding 'running' jobs without a recent heartbeat
[2021-11-16 08:29:18,145] {manager.py:1132} INFO - Failing jobs without heartbeat after 2021-11-16 08:24:18.145328+00:00
[2021-11-16 08:29:28,194] {manager.py:1128} INFO - Finding 'running' jobs without a recent heartbeat
[2021-11-16 08:29:28,203] {manager.py:1132} INFO - Failing jobs without heartbeat after 2021-11-16 08:24:28.203753+00:00
[2021-11-16 08:29:38,225] {manager.py:1128} INFO - Finding 'running' jobs without a recent heartbeat
[2021-11-16 08:29:38,234] {manager.py:1132} INFO - Failing jobs without heartbeat after 2021-11-16 08:24:38.234700+00:00
[2021-11-16 08:29:48,341] {manager.py:1128} INFO - Finding 'running' jobs without a recent heartbeat
[2021-11-16 08:29:48,344] {manager.py:1132} INFO - Failing jobs without heartbeat after 2021-11-16 08:24:48.344320+00:00
[2021-11-16 08:29:58,388] {manager.py:1128} INFO - Finding 'running' jobs without a recent heartbeat
[2021-11-16 08:29:58,395] {manager.py:1132} INFO - Failing jobs without heartbeat after 2021-11-16 08:24:58.394962+00:00
[2021-11-16 08:30:08,636] {manager.py:1128} INFO - Finding 'running' jobs without a recent heartbeat
[2021-11-16 08:30:08,642] {manager.py:1132} INFO - Failing jobs without heartbeat after 2021-11-16 08:25:08.642047+00:00
[2021-11-16 08:30:18,674] {manager.py:1128} INFO - Finding 'running' jobs without a recent heartbeat
[2021-11-16 08:30:18,677] {manager.py:1132} INFO - Failing jobs without heartbeat after 2021-11-16 08:25:18.677377+00:00
[2021-11-16 08:30:28,716] {manager.py:1128} INFO - Finding 'running' jobs without a recent heartbeat
[2021-11-16 08:30:28,722] {manager.py:1132} INFO - Failing jobs without heartbeat after 2021-11-16 08:25:28.721792+00:00
[2021-11-16 08:30:39,761] {manager.py:1128} INFO - Finding 'running' jobs without a recent heartbeat
[2021-11-16 08:30:39,783] {manager.py:1132} INFO - Failing jobs without heartbeat after 2021-11-16 08:25:39.783215+00:00
[2021-11-16 08:30:40,958] {manager.py:585} INFO - Exiting gracefully upon receiving signal 15
[2021-11-16 08:35:28,973] {manager.py:604} INFO - Processing files using up to 2 processes at a time 
[2021-11-16 08:35:28,978] {manager.py:605} INFO - Process each file at most once every 30 seconds
[2021-11-16 08:35:28,981] {manager.py:607} INFO - Checking for new files in /opt/airflow/dags every 300 seconds
[2021-11-16 08:35:28,984] {manager.py:754} INFO - Searching for files in /opt/airflow/dags
[2021-11-16 08:35:28,999] {manager.py:757} INFO - There are 0 files in /opt/airflow/dags
[2021-11-16 08:35:29,200] {manager.py:1128} INFO - Finding 'running' jobs without a recent heartbeat
[2021-11-16 08:35:29,206] {manager.py:1132} INFO - Failing jobs without heartbeat after 2021-11-16 08:30:29.206257+00:00
[2021-11-16 08:35:39,382] {manager.py:1128} INFO - Finding 'running' jobs without a recent heartbeat
[2021-11-16 08:35:39,385] {manager.py:1132} INFO - Failing jobs without heartbeat after 2021-11-16 08:30:39.385910+00:00
[2021-11-16 08:35:49,515] {manager.py:1128} INFO - Finding 'running' jobs without a recent heartbeat
[2021-11-16 08:35:49,534] {manager.py:1132} INFO - Failing jobs without heartbeat after 2021-11-16 08:30:49.534018+00:00
[2021-11-16 08:35:59,787] {manager.py:1128} INFO - Finding 'running' jobs without a recent heartbeat
[2021-11-16 08:35:59,805] {manager.py:1132} INFO - Failing jobs without heartbeat after 2021-11-16 08:30:59.805544+00:00
[2021-11-16 08:36:09,883] {manager.py:1128} INFO - Finding 'running' jobs without a recent heartbeat
[2021-11-16 08:36:09,890] {manager.py:1132} INFO - Failing jobs without heartbeat after 2021-11-16 08:31:09.890092+00:00
[2021-11-16 08:36:20,252] {manager.py:1128} INFO - Finding 'running' jobs without a recent heartbeat
[2021-11-16 08:36:20,706] {manager.py:1132} INFO - Failing jobs without heartbeat after 2021-11-16 08:31:20.705834+00:00
[2021-11-16 08:36:30,794] {manager.py:1128} INFO - Finding 'running' jobs without a recent heartbeat
[2021-11-16 08:36:30,797] {manager.py:1132} INFO - Failing jobs without heartbeat after 2021-11-16 08:31:30.797901+00:00
[2021-11-16 08:36:41,754] {manager.py:1128} INFO - Finding 'running' jobs without a recent heartbeat
[2021-11-16 08:36:41,788] {manager.py:1132} INFO - Failing jobs without heartbeat after 2021-11-16 08:31:41.788760+00:00
[2021-11-16 08:36:52,727] {manager.py:1128} INFO - Finding 'running' jobs without a recent heartbeat
[2021-11-16 08:36:52,735] {manager.py:1132} INFO - Failing jobs without heartbeat after 2021-11-16 08:31:52.735340+00:00
[2021-11-16 08:37:03,062] {manager.py:1128} INFO - Finding 'running' jobs without a recent heartbeat
[2021-11-16 08:37:03,069] {manager.py:1132} INFO - Failing jobs without heartbeat after 2021-11-16 08:32:03.069575+00:00
[2021-11-16 08:37:13,092] {manager.py:1128} INFO - Finding 'running' jobs without a recent heartbeat
[2021-11-16 08:37:13,098] {manager.py:1132} INFO - Failing jobs without heartbeat after 2021-11-16 08:32:13.098369+00:00
[2021-11-16 08:37:23,168] {manager.py:1128} INFO - Finding 'running' jobs without a recent heartbeat
[2021-11-16 08:37:23,274] {manager.py:1132} INFO - Failing jobs without heartbeat after 2021-11-16 08:32:23.274315+00:00
[2021-11-16 08:37:33,696] {manager.py:1128} INFO - Finding 'running' jobs without a recent heartbeat
[2021-11-16 08:37:33,714] {manager.py:1132} INFO - Failing jobs without heartbeat after 2021-11-16 08:32:33.714490+00:00
[2021-11-16 08:37:43,769] {manager.py:1128} INFO - Finding 'running' jobs without a recent heartbeat
[2021-11-16 08:37:43,772] {manager.py:1132} INFO - Failing jobs without heartbeat after 2021-11-16 08:32:43.772957+00:00
[2021-11-16 08:37:54,554] {manager.py:1128} INFO - Finding 'running' jobs without a recent heartbeat
[2021-11-16 08:37:54,566] {manager.py:1132} INFO - Failing jobs without heartbeat after 2021-11-16 08:32:54.566070+00:00
[2021-11-16 08:38:04,576] {manager.py:1128} INFO - Finding 'running' jobs without a recent heartbeat
[2021-11-16 08:38:04,586] {manager.py:1132} INFO - Failing jobs without heartbeat after 2021-11-16 08:33:04.586490+00:00
[2021-11-16 08:38:14,663] {manager.py:1128} INFO - Finding 'running' jobs without a recent heartbeat
[2021-11-16 08:38:14,666] {manager.py:1132} INFO - Failing jobs without heartbeat after 2021-11-16 08:33:14.666550+00:00
[2021-11-16 08:38:24,698] {manager.py:1128} INFO - Finding 'running' jobs without a recent heartbeat
[2021-11-16 08:38:24,703] {manager.py:1132} INFO - Failing jobs without heartbeat after 2021-11-16 08:33:24.703089+00:00
[2021-11-16 08:38:34,984] {manager.py:1128} INFO - Finding 'running' jobs without a recent heartbeat
[2021-11-16 08:38:34,994] {manager.py:1132} INFO - Failing jobs without heartbeat after 2021-11-16 08:33:34.994697+00:00
[2021-11-16 08:38:45,043] {manager.py:1128} INFO - Finding 'running' jobs without a recent heartbeat
[2021-11-16 08:38:45,047] {manager.py:1132} INFO - Failing jobs without heartbeat after 2021-11-16 08:33:45.047836+00:00
[2021-11-16 08:38:55,096] {manager.py:1128} INFO - Finding 'running' jobs without a recent heartbeat
[2021-11-16 08:38:55,102] {manager.py:1132} INFO - Failing jobs without heartbeat after 2021-11-16 08:33:55.102371+00:00
[2021-11-16 08:39:05,137] {manager.py:1128} INFO - Finding 'running' jobs without a recent heartbeat
[2021-11-16 08:39:05,151] {manager.py:1132} INFO - Failing jobs without heartbeat after 2021-11-16 08:34:05.151572+00:00
[2021-11-16 08:39:15,408] {manager.py:1128} INFO - Finding 'running' jobs without a recent heartbeat
[2021-11-16 08:39:15,455] {manager.py:1132} INFO - Failing jobs without heartbeat after 2021-11-16 08:34:15.455005+00:00
[2021-11-16 08:39:25,850] {manager.py:1128} INFO - Finding 'running' jobs without a recent heartbeat
[2021-11-16 08:39:25,854] {manager.py:1132} INFO - Failing jobs without heartbeat after 2021-11-16 08:34:25.854336+00:00
[2021-11-16 08:39:35,909] {manager.py:1128} INFO - Finding 'running' jobs without a recent heartbeat
[2021-11-16 08:39:35,912] {manager.py:1132} INFO - Failing jobs without heartbeat after 2021-11-16 08:34:35.912476+00:00
[2021-11-16 08:39:45,949] {manager.py:1128} INFO - Finding 'running' jobs without a recent heartbeat
[2021-11-16 08:39:45,952] {manager.py:1132} INFO - Failing jobs without heartbeat after 2021-11-16 08:34:45.952557+00:00
[2021-11-16 08:39:55,999] {manager.py:1128} INFO - Finding 'running' jobs without a recent heartbeat
[2021-11-16 08:39:56,003] {manager.py:1132} INFO - Failing jobs without heartbeat after 2021-11-16 08:34:56.003240+00:00
[2021-11-16 08:40:06,114] {manager.py:1128} INFO - Finding 'running' jobs without a recent heartbeat
[2021-11-16 08:40:06,118] {manager.py:1132} INFO - Failing jobs without heartbeat after 2021-11-16 08:35:06.118107+00:00
[2021-11-16 08:40:16,163] {manager.py:1128} INFO - Finding 'running' jobs without a recent heartbeat
[2021-11-16 08:40:16,166] {manager.py:1132} INFO - Failing jobs without heartbeat after 2021-11-16 08:35:16.166324+00:00
[2021-11-16 08:40:26,286] {manager.py:1128} INFO - Finding 'running' jobs without a recent heartbeat
[2021-11-16 08:40:26,338] {manager.py:1132} INFO - Failing jobs without heartbeat after 2021-11-16 08:35:26.338297+00:00
[2021-11-16 08:40:29,384] {manager.py:754} INFO - Searching for files in /opt/airflow/dags
[2021-11-16 08:40:29,759] {manager.py:757} INFO - There are 0 files in /opt/airflow/dags
[2021-11-16 08:40:37,488] {manager.py:1128} INFO - Finding 'running' jobs without a recent heartbeat
[2021-11-16 08:40:37,533] {manager.py:1132} INFO - Failing jobs without heartbeat after 2021-11-16 08:35:37.533152+00:00
[2021-11-16 08:40:47,730] {manager.py:1128} INFO - Finding 'running' jobs without a recent heartbeat
[2021-11-16 08:40:47,735] {manager.py:1132} INFO - Failing jobs without heartbeat after 2021-11-16 08:35:47.735255+00:00
[2021-11-16 08:40:57,764] {manager.py:1128} INFO - Finding 'running' jobs without a recent heartbeat
[2021-11-16 08:40:57,769] {manager.py:1132} INFO - Failing jobs without heartbeat after 2021-11-16 08:35:57.769138+00:00
[2021-11-16 08:41:07,919] {manager.py:1128} INFO - Finding 'running' jobs without a recent heartbeat
[2021-11-16 08:41:08,148] {manager.py:1132} INFO - Failing jobs without heartbeat after 2021-11-16 08:36:08.148497+00:00
[2021-11-16 08:41:18,290] {manager.py:1128} INFO - Finding 'running' jobs without a recent heartbeat
[2021-11-16 08:41:18,295] {manager.py:1132} INFO - Failing jobs without heartbeat after 2021-11-16 08:36:18.295133+00:00
[2021-11-16 08:41:28,755] {manager.py:1128} INFO - Finding 'running' jobs without a recent heartbeat
[2021-11-16 08:41:28,758] {manager.py:1132} INFO - Failing jobs without heartbeat after 2021-11-16 08:36:28.758266+00:00
[2021-11-16 08:41:38,783] {manager.py:1128} INFO - Finding 'running' jobs without a recent heartbeat
[2021-11-16 08:41:38,786] {manager.py:1132} INFO - Failing jobs without heartbeat after 2021-11-16 08:36:38.785977+00:00
[2021-11-16 08:41:48,821] {manager.py:1128} INFO - Finding 'running' jobs without a recent heartbeat
[2021-11-16 08:41:48,826] {manager.py:1132} INFO - Failing jobs without heartbeat after 2021-11-16 08:36:48.826783+00:00
[2021-11-16 08:41:58,975] {manager.py:1128} INFO - Finding 'running' jobs without a recent heartbeat
[2021-11-16 08:41:59,091] {manager.py:1132} INFO - Failing jobs without heartbeat after 2021-11-16 08:36:59.090777+00:00
[2021-11-16 08:42:09,124] {manager.py:1128} INFO - Finding 'running' jobs without a recent heartbeat
[2021-11-16 08:42:09,128] {manager.py:1132} INFO - Failing jobs without heartbeat after 2021-11-16 08:37:09.128712+00:00
[2021-11-16 08:42:19,178] {manager.py:1128} INFO - Finding 'running' jobs without a recent heartbeat
[2021-11-16 08:42:19,183] {manager.py:1132} INFO - Failing jobs without heartbeat after 2021-11-16 08:37:19.183563+00:00
[2021-11-16 08:42:29,316] {manager.py:1128} INFO - Finding 'running' jobs without a recent heartbeat
[2021-11-16 08:42:29,323] {manager.py:1132} INFO - Failing jobs without heartbeat after 2021-11-16 08:37:29.323232+00:00
[2021-11-16 08:42:39,593] {manager.py:1128} INFO - Finding 'running' jobs without a recent heartbeat
[2021-11-16 08:42:39,596] {manager.py:1132} INFO - Failing jobs without heartbeat after 2021-11-16 08:37:39.596243+00:00
[2021-11-16 08:42:49,737] {manager.py:1128} INFO - Finding 'running' jobs without a recent heartbeat
[2021-11-16 08:42:49,741] {manager.py:1132} INFO - Failing jobs without heartbeat after 2021-11-16 08:37:49.741526+00:00
[2021-11-16 08:42:59,937] {manager.py:1128} INFO - Finding 'running' jobs without a recent heartbeat
[2021-11-16 08:42:59,941] {manager.py:1132} INFO - Failing jobs without heartbeat after 2021-11-16 08:37:59.941545+00:00
[2021-11-16 08:43:10,253] {manager.py:1128} INFO - Finding 'running' jobs without a recent heartbeat
[2021-11-16 08:43:10,285] {manager.py:1132} INFO - Failing jobs without heartbeat after 2021-11-16 08:38:10.285067+00:00
[2021-11-16 08:43:20,547] {manager.py:1128} INFO - Finding 'running' jobs without a recent heartbeat
[2021-11-16 08:43:20,550] {manager.py:1132} INFO - Failing jobs without heartbeat after 2021-11-16 08:38:20.550909+00:00
[2021-11-16 08:43:30,602] {manager.py:1128} INFO - Finding 'running' jobs without a recent heartbeat
[2021-11-16 08:43:30,902] {manager.py:1132} INFO - Failing jobs without heartbeat after 2021-11-16 08:38:30.902442+00:00
[2021-11-16 08:43:41,079] {manager.py:1128} INFO - Finding 'running' jobs without a recent heartbeat
[2021-11-16 08:43:41,083] {manager.py:1132} INFO - Failing jobs without heartbeat after 2021-11-16 08:38:41.083413+00:00
[2021-11-16 08:43:51,119] {manager.py:1128} INFO - Finding 'running' jobs without a recent heartbeat
[2021-11-16 08:43:51,181] {manager.py:1132} INFO - Failing jobs without heartbeat after 2021-11-16 08:38:51.181502+00:00
[2021-11-16 08:44:01,582] {manager.py:1128} INFO - Finding 'running' jobs without a recent heartbeat
[2021-11-16 08:44:01,586] {manager.py:1132} INFO - Failing jobs without heartbeat after 2021-11-16 08:39:01.586612+00:00
[2021-11-16 08:44:11,604] {manager.py:1128} INFO - Finding 'running' jobs without a recent heartbeat
[2021-11-16 08:44:11,781] {manager.py:1132} INFO - Failing jobs without heartbeat after 2021-11-16 08:39:11.781459+00:00
[2021-11-16 08:44:22,024] {manager.py:1128} INFO - Finding 'running' jobs without a recent heartbeat
[2021-11-16 08:44:22,041] {manager.py:1132} INFO - Failing jobs without heartbeat after 2021-11-16 08:39:22.041612+00:00
[2021-11-16 08:44:32,365] {manager.py:1128} INFO - Finding 'running' jobs without a recent heartbeat
[2021-11-16 08:44:32,368] {manager.py:1132} INFO - Failing jobs without heartbeat after 2021-11-16 08:39:32.368033+00:00
[2021-11-16 08:44:42,387] {manager.py:1128} INFO - Finding 'running' jobs without a recent heartbeat
[2021-11-16 08:44:42,400] {manager.py:1132} INFO - Failing jobs without heartbeat after 2021-11-16 08:39:42.400778+00:00
[2021-11-16 08:44:52,449] {manager.py:1128} INFO - Finding 'running' jobs without a recent heartbeat
[2021-11-16 08:44:52,452] {manager.py:1132} INFO - Failing jobs without heartbeat after 2021-11-16 08:39:52.452633+00:00
[2021-11-16 08:45:02,494] {manager.py:1128} INFO - Finding 'running' jobs without a recent heartbeat
[2021-11-16 08:45:02,497] {manager.py:1132} INFO - Failing jobs without heartbeat after 2021-11-16 08:40:02.497542+00:00
[2021-11-16 08:45:13,505] {manager.py:1128} INFO - Finding 'running' jobs without a recent heartbeat
[2021-11-16 08:45:13,515] {manager.py:1132} INFO - Failing jobs without heartbeat after 2021-11-16 08:40:13.514639+00:00
[2021-11-16 08:45:23,558] {manager.py:1128} INFO - Finding 'running' jobs without a recent heartbeat
[2021-11-16 08:45:23,560] {manager.py:1132} INFO - Failing jobs without heartbeat after 2021-11-16 08:40:23.560561+00:00
[2021-11-16 08:45:29,705] {manager.py:754} INFO - Searching for files in /opt/airflow/dags
[2021-11-16 08:45:29,734] {manager.py:757} INFO - There are 0 files in /opt/airflow/dags
[2021-11-16 08:45:33,792] {manager.py:1128} INFO - Finding 'running' jobs without a recent heartbeat
[2021-11-16 08:45:33,796] {manager.py:1132} INFO - Failing jobs without heartbeat after 2021-11-16 08:40:33.796557+00:00
[2021-11-16 08:45:43,829] {manager.py:1128} INFO - Finding 'running' jobs without a recent heartbeat
[2021-11-16 08:45:43,832] {manager.py:1132} INFO - Failing jobs without heartbeat after 2021-11-16 08:40:43.832416+00:00
[2021-11-16 08:45:53,882] {manager.py:1128} INFO - Finding 'running' jobs without a recent heartbeat
[2021-11-16 08:45:53,885] {manager.py:1132} INFO - Failing jobs without heartbeat after 2021-11-16 08:40:53.885907+00:00
[2021-11-16 08:46:04,150] {manager.py:1128} INFO - Finding 'running' jobs without a recent heartbeat
[2021-11-16 08:46:04,579] {manager.py:1132} INFO - Failing jobs without heartbeat after 2021-11-16 08:41:04.579476+00:00
[2021-11-16 08:46:15,949] {manager.py:1128} INFO - Finding 'running' jobs without a recent heartbeat
[2021-11-16 08:46:15,953] {manager.py:1132} INFO - Failing jobs without heartbeat after 2021-11-16 08:41:15.953571+00:00
[2021-11-16 08:46:25,985] {manager.py:1128} INFO - Finding 'running' jobs without a recent heartbeat
[2021-11-16 08:46:25,990] {manager.py:1132} INFO - Failing jobs without heartbeat after 2021-11-16 08:41:25.990499+00:00
[2021-11-16 08:46:36,700] {manager.py:1128} INFO - Finding 'running' jobs without a recent heartbeat
[2021-11-16 08:46:36,704] {manager.py:1132} INFO - Failing jobs without heartbeat after 2021-11-16 08:41:36.704363+00:00
[2021-11-16 08:46:46,822] {manager.py:1128} INFO - Finding 'running' jobs without a recent heartbeat
[2021-11-16 08:46:46,833] {manager.py:1132} INFO - Failing jobs without heartbeat after 2021-11-16 08:41:46.833459+00:00
[2021-11-16 08:46:56,890] {manager.py:1128} INFO - Finding 'running' jobs without a recent heartbeat
[2021-11-16 08:46:56,894] {manager.py:1132} INFO - Failing jobs without heartbeat after 2021-11-16 08:41:56.894645+00:00
[2021-11-16 08:47:06,912] {manager.py:1128} INFO - Finding 'running' jobs without a recent heartbeat
[2021-11-16 08:47:06,915] {manager.py:1132} INFO - Failing jobs without heartbeat after 2021-11-16 08:42:06.915347+00:00
[2021-11-16 08:47:16,950] {manager.py:1128} INFO - Finding 'running' jobs without a recent heartbeat
[2021-11-16 08:47:16,954] {manager.py:1132} INFO - Failing jobs without heartbeat after 2021-11-16 08:42:16.954518+00:00
[2021-11-16 08:47:27,007] {manager.py:1128} INFO - Finding 'running' jobs without a recent heartbeat
[2021-11-16 08:47:27,022] {manager.py:1132} INFO - Failing jobs without heartbeat after 2021-11-16 08:42:27.022658+00:00
[2021-11-16 08:47:37,046] {manager.py:1128} INFO - Finding 'running' jobs without a recent heartbeat
[2021-11-16 08:47:37,051] {manager.py:1132} INFO - Failing jobs without heartbeat after 2021-11-16 08:42:37.051225+00:00
[2021-11-16 08:47:47,127] {manager.py:1128} INFO - Finding 'running' jobs without a recent heartbeat
[2021-11-16 08:47:47,129] {manager.py:1132} INFO - Failing jobs without heartbeat after 2021-11-16 08:42:47.129645+00:00
[2021-11-16 08:47:57,162] {manager.py:1128} INFO - Finding 'running' jobs without a recent heartbeat
[2021-11-16 08:47:57,164] {manager.py:1132} INFO - Failing jobs without heartbeat after 2021-11-16 08:42:57.164641+00:00
[2021-11-16 08:48:07,172] {manager.py:1128} INFO - Finding 'running' jobs without a recent heartbeat
[2021-11-16 08:48:07,175] {manager.py:1132} INFO - Failing jobs without heartbeat after 2021-11-16 08:43:07.175459+00:00
[2021-11-16 08:48:17,218] {manager.py:1128} INFO - Finding 'running' jobs without a recent heartbeat
[2021-11-16 08:48:17,221] {manager.py:1132} INFO - Failing jobs without heartbeat after 2021-11-16 08:43:17.221025+00:00
[2021-11-16 08:48:27,676] {manager.py:1128} INFO - Finding 'running' jobs without a recent heartbeat
[2021-11-16 08:48:27,994] {manager.py:1132} INFO - Failing jobs without heartbeat after 2021-11-16 08:43:27.994306+00:00
[2021-11-16 08:48:38,039] {manager.py:1128} INFO - Finding 'running' jobs without a recent heartbeat
[2021-11-16 08:48:38,042] {manager.py:1132} INFO - Failing jobs without heartbeat after 2021-11-16 08:43:38.042876+00:00
[2021-11-16 08:48:48,089] {manager.py:1128} INFO - Finding 'running' jobs without a recent heartbeat
[2021-11-16 08:48:48,092] {manager.py:1132} INFO - Failing jobs without heartbeat after 2021-11-16 08:43:48.091890+00:00
[2021-11-16 08:48:58,775] {manager.py:1128} INFO - Finding 'running' jobs without a recent heartbeat
[2021-11-16 08:48:58,785] {manager.py:1132} INFO - Failing jobs without heartbeat after 2021-11-16 08:43:58.785553+00:00
[2021-11-16 08:49:09,209] {manager.py:1128} INFO - Finding 'running' jobs without a recent heartbeat
[2021-11-16 08:49:09,219] {manager.py:1132} INFO - Failing jobs without heartbeat after 2021-11-16 08:44:09.219627+00:00
[2021-11-16 08:49:19,417] {manager.py:1128} INFO - Finding 'running' jobs without a recent heartbeat
[2021-11-16 08:49:19,482] {manager.py:1132} INFO - Failing jobs without heartbeat after 2021-11-16 08:44:19.482749+00:00
[2021-11-16 08:49:29,640] {manager.py:1128} INFO - Finding 'running' jobs without a recent heartbeat
[2021-11-16 08:49:29,643] {manager.py:1132} INFO - Failing jobs without heartbeat after 2021-11-16 08:44:29.643599+00:00
[2021-11-16 08:49:39,652] {manager.py:1128} INFO - Finding 'running' jobs without a recent heartbeat
[2021-11-16 08:49:39,656] {manager.py:1132} INFO - Failing jobs without heartbeat after 2021-11-16 08:44:39.656350+00:00
[2021-11-16 08:49:49,701] {manager.py:1128} INFO - Finding 'running' jobs without a recent heartbeat
[2021-11-16 08:49:49,705] {manager.py:1132} INFO - Failing jobs without heartbeat after 2021-11-16 08:44:49.705274+00:00
[2021-11-16 08:49:59,734] {manager.py:1128} INFO - Finding 'running' jobs without a recent heartbeat
[2021-11-16 08:49:59,740] {manager.py:1132} INFO - Failing jobs without heartbeat after 2021-11-16 08:44:59.740887+00:00
[2021-11-16 08:50:09,757] {manager.py:1128} INFO - Finding 'running' jobs without a recent heartbeat
[2021-11-16 08:50:09,766] {manager.py:1132} INFO - Failing jobs without heartbeat after 2021-11-16 08:45:09.766860+00:00
[2021-11-16 08:50:19,817] {manager.py:1128} INFO - Finding 'running' jobs without a recent heartbeat
[2021-11-16 08:50:19,821] {manager.py:1132} INFO - Failing jobs without heartbeat after 2021-11-16 08:45:19.821058+00:00
[2021-11-16 08:50:29,878] {manager.py:754} INFO - Searching for files in /opt/airflow/dags
[2021-11-16 08:50:29,893] {manager.py:757} INFO - There are 0 files in /opt/airflow/dags
[2021-11-16 08:50:29,916] {manager.py:1128} INFO - Finding 'running' jobs without a recent heartbeat
[2021-11-16 08:50:29,920] {manager.py:1132} INFO - Failing jobs without heartbeat after 2021-11-16 08:45:29.920297+00:00
[2021-11-16 08:50:39,956] {manager.py:1128} INFO - Finding 'running' jobs without a recent heartbeat
[2021-11-16 08:50:39,959] {manager.py:1132} INFO - Failing jobs without heartbeat after 2021-11-16 08:45:39.959845+00:00
[2021-11-16 08:50:50,002] {manager.py:1128} INFO - Finding 'running' jobs without a recent heartbeat
[2021-11-16 08:50:50,006] {manager.py:1132} INFO - Failing jobs without heartbeat after 2021-11-16 08:45:50.006431+00:00
[2021-11-16 08:51:00,042] {manager.py:1128} INFO - Finding 'running' jobs without a recent heartbeat
[2021-11-16 08:51:00,044] {manager.py:1132} INFO - Failing jobs without heartbeat after 2021-11-16 08:46:00.044765+00:00
[2021-11-16 08:51:10,058] {manager.py:1128} INFO - Finding 'running' jobs without a recent heartbeat
[2021-11-16 08:51:10,070] {manager.py:1132} INFO - Failing jobs without heartbeat after 2021-11-16 08:46:10.070336+00:00
[2021-11-16 08:51:20,109] {manager.py:1128} INFO - Finding 'running' jobs without a recent heartbeat
[2021-11-16 08:51:20,113] {manager.py:1132} INFO - Failing jobs without heartbeat after 2021-11-16 08:46:20.113332+00:00
[2021-11-16 08:51:30,148] {manager.py:1128} INFO - Finding 'running' jobs without a recent heartbeat
[2021-11-16 08:51:30,153] {manager.py:1132} INFO - Failing jobs without heartbeat after 2021-11-16 08:46:30.153315+00:00
[2021-11-16 08:51:41,161] {manager.py:1128} INFO - Finding 'running' jobs without a recent heartbeat
[2021-11-16 08:51:41,164] {manager.py:1132} INFO - Failing jobs without heartbeat after 2021-11-16 08:46:41.164454+00:00
[2021-11-16 08:51:51,197] {manager.py:1128} INFO - Finding 'running' jobs without a recent heartbeat
[2021-11-16 08:51:51,200] {manager.py:1132} INFO - Failing jobs without heartbeat after 2021-11-16 08:46:51.200875+00:00
[2021-11-16 08:52:01,240] {manager.py:1128} INFO - Finding 'running' jobs without a recent heartbeat
[2021-11-16 08:52:01,242] {manager.py:1132} INFO - Failing jobs without heartbeat after 2021-11-16 08:47:01.242218+00:00
[2021-11-16 08:52:11,255] {manager.py:1128} INFO - Finding 'running' jobs without a recent heartbeat
[2021-11-16 08:52:11,259] {manager.py:1132} INFO - Failing jobs without heartbeat after 2021-11-16 08:47:11.258950+00:00
[2021-11-16 08:52:21,287] {manager.py:1128} INFO - Finding 'running' jobs without a recent heartbeat
[2021-11-16 08:52:21,296] {manager.py:1132} INFO - Failing jobs without heartbeat after 2021-11-16 08:47:21.296316+00:00
[2021-11-16 08:52:31,325] {manager.py:1128} INFO - Finding 'running' jobs without a recent heartbeat
[2021-11-16 08:52:31,330] {manager.py:1132} INFO - Failing jobs without heartbeat after 2021-11-16 08:47:31.330477+00:00
[2021-11-16 08:52:41,344] {manager.py:1128} INFO - Finding 'running' jobs without a recent heartbeat
[2021-11-16 08:52:41,346] {manager.py:1132} INFO - Failing jobs without heartbeat after 2021-11-16 08:47:41.346659+00:00
[2021-11-16 08:52:51,402] {manager.py:1128} INFO - Finding 'running' jobs without a recent heartbeat
[2021-11-16 08:52:51,406] {manager.py:1132} INFO - Failing jobs without heartbeat after 2021-11-16 08:47:51.406474+00:00
[2021-11-16 08:53:01,459] {manager.py:1128} INFO - Finding 'running' jobs without a recent heartbeat
[2021-11-16 08:53:01,466] {manager.py:1132} INFO - Failing jobs without heartbeat after 2021-11-16 08:48:01.466313+00:00
[2021-11-16 08:53:11,886] {manager.py:1128} INFO - Finding 'running' jobs without a recent heartbeat
[2021-11-16 08:53:11,910] {manager.py:1132} INFO - Failing jobs without heartbeat after 2021-11-16 08:48:11.910675+00:00
[2021-11-16 08:53:22,001] {manager.py:1128} INFO - Finding 'running' jobs without a recent heartbeat
[2021-11-16 08:53:22,030] {manager.py:1132} INFO - Failing jobs without heartbeat after 2021-11-16 08:48:22.030304+00:00
[2021-11-16 08:53:32,130] {manager.py:1128} INFO - Finding 'running' jobs without a recent heartbeat
[2021-11-16 08:53:32,141] {manager.py:1132} INFO - Failing jobs without heartbeat after 2021-11-16 08:48:32.140990+00:00
[2021-11-16 08:53:42,182] {manager.py:1128} INFO - Finding 'running' jobs without a recent heartbeat
[2021-11-16 08:53:42,204] {manager.py:1132} INFO - Failing jobs without heartbeat after 2021-11-16 08:48:42.203759+00:00
[2021-11-16 08:53:52,275] {manager.py:1128} INFO - Finding 'running' jobs without a recent heartbeat
[2021-11-16 08:53:52,282] {manager.py:1132} INFO - Failing jobs without heartbeat after 2021-11-16 08:48:52.282662+00:00
[2021-11-16 08:54:02,331] {manager.py:1128} INFO - Finding 'running' jobs without a recent heartbeat
[2021-11-16 08:54:02,342] {manager.py:1132} INFO - Failing jobs without heartbeat after 2021-11-16 08:49:02.342781+00:00
